<?xml version="1.0" encoding="UTF-8"?>
<!-- Generated by org.testng.reporters.JUnitReportReporter -->
<testsuite hostname="Amit-Surface" failures="0" tests="1" name="qaclickacademy.SeleniumTest" time="0.004" errors="0" timestamp="2020-01-24T13:56:33 EST" skipped="0">
  <testcase classname="qaclickacademy.SeleniumTest" name="BrowserAutomation" time="0.004"/>
  <system-out/>
</testsuite> <!-- qaclickacademy.SeleniumTest -->
